<?xml version="1.0" encoding="UTF-8"?>
<testsuite name="XXLChess.TestSpecialMove" tests="3" skipped="0" failures="0" errors="0" timestamp="2023-05-16T00:36:29" hostname="Khais-MacBook-Air.local" time="3.051">
  <properties/>
  <testcase name="testPromtionDisplay()" classname="XXLChess.TestSpecialMove" time="1.026"/>
  <testcase name="testPromotion()" classname="XXLChess.TestSpecialMove" time="1.009"/>
  <testcase name="testCastle()" classname="XXLChess.TestSpecialMove" time="1.012"/>
  <system-out><![CDATA[]]></system-out>
  <system-err><![CDATA[]]></system-err>
</testsuite>
