<?xml version="1.0" encoding="UTF-8"?>
<testsuite name="XXLChess.TestSpeedAndCheck" tests="1" skipped="0" failures="0" errors="0" timestamp="2023-05-16T00:36:33" hostname="Khais-MacBook-Air.local" time="0.003">
  <properties/>
  <testcase name="testMovementSpeedAndCheck()" classname="XXLChess.TestSpeedAndCheck" time="0.003"/>
  <system-out><![CDATA[]]></system-out>
  <system-err><![CDATA[]]></system-err>
</testsuite>
