<?xml version="1.0" encoding="UTF-8"?>
<testsuite name="XXLChess.SampleTest" tests="4" skipped="0" failures="0" errors="0" timestamp="2023-05-07T06:48:50" hostname="192-168-1-101.tpgi.com.au" time="3.083">
  <properties/>
  <testcase name="testBoard()" classname="XXLChess.SampleTest" time="0.056"/>
  <testcase name="testTimer()" classname="XXLChess.SampleTest" time="0.004"/>
  <testcase name="testMessage()" classname="XXLChess.SampleTest" time="0.004"/>
  <testcase name="testPlayer()" classname="XXLChess.SampleTest" time="3.015"/>
  <system-out><![CDATA[]]></system-out>
  <system-err><![CDATA[]]></system-err>
</testsuite>
