<?xml version="1.0" encoding="UTF-8"?>
<testsuite name="XXLChess.TestCpuMateInOne" tests="1" skipped="0" failures="0" errors="0" timestamp="2023-05-14T07:24:52" hostname="192-168-1-101.tpgi.com.au" time="3.013">
  <properties/>
  <testcase name="testCheckMate()" classname="XXLChess.TestCpuMateInOne" time="3.013"/>
  <system-out><![CDATA[]]></system-out>
  <system-err><![CDATA[]]></system-err>
</testsuite>
