<?xml version="1.0" encoding="UTF-8"?>
<testsuite name="XXLChess.TestBlackPlayerCheckMate" tests="2" skipped="0" failures="0" errors="0" timestamp="2023-05-14T07:24:49" hostname="192-168-1-101.tpgi.com.au" time="3.068">
  <properties/>
  <testcase name="testSide()" classname="XXLChess.TestBlackPlayerCheckMate" time="0.052"/>
  <testcase name="testCheckMate()" classname="XXLChess.TestBlackPlayerCheckMate" time="3.015"/>
  <system-out><![CDATA[]]></system-out>
  <system-err><![CDATA[]]></system-err>
</testsuite>
