<?xml version="1.0" encoding="UTF-8"?>
<testsuite name="XXLChess.TestSpecialMove" tests="3" skipped="0" failures="0" errors="0" timestamp="2023-05-14T07:25:01" hostname="192-168-1-101.tpgi.com.au" time="3.056">
  <properties/>
  <testcase name="testPromtionDisplay()" classname="XXLChess.TestSpecialMove" time="1.025"/>
  <testcase name="testPromotion()" classname="XXLChess.TestSpecialMove" time="1.012"/>
  <testcase name="testCastle()" classname="XXLChess.TestSpecialMove" time="1.011"/>
  <system-out><![CDATA[]]></system-out>
  <system-err><![CDATA[]]></system-err>
</testsuite>
